2020-05-03 06:28:56,123 ERROR: Exception on /index [GET] [in C:\Users\fungz\ulifestyle_folder\lib\site-packages\flask\app.py:1761]
Traceback (most recent call last):
  File "C:\Users\fungz\ulifestyle_folder\lib\site-packages\flask\app.py", line 2292, in wsgi_app
    response = self.full_dispatch_request()
  File "C:\Users\fungz\ulifestyle_folder\lib\site-packages\flask\app.py", line 1815, in full_dispatch_request
    rv = self.handle_user_exception(e)
  File "C:\Users\fungz\ulifestyle_folder\lib\site-packages\flask\app.py", line 1718, in handle_user_exception
    reraise(exc_type, exc_value, tb)
  File "C:\Users\fungz\ulifestyle_folder\lib\site-packages\flask\_compat.py", line 35, in reraise
    raise value
  File "C:\Users\fungz\ulifestyle_folder\lib\site-packages\flask\app.py", line 1813, in full_dispatch_request
    rv = self.dispatch_request()
  File "C:\Users\fungz\ulifestyle_folder\lib\site-packages\flask\app.py", line 1799, in dispatch_request
    return self.view_functions[rule.endpoint](**req.view_args)
  File "C:\Users\fungz\PycharmProjects\Ulifestyle\ulifestyle_folder\app\routes.py", line 113, in index
    videos=videos)
  File "C:\Users\fungz\ulifestyle_folder\lib\site-packages\flask\templating.py", line 135, in render_template
    context, ctx.app)
  File "C:\Users\fungz\ulifestyle_folder\lib\site-packages\flask\templating.py", line 117, in _render
    rv = template.render(context)
  File "C:\Users\fungz\ulifestyle_folder\lib\site-packages\jinja2\asyncsupport.py", line 76, in render
    return original_render(self, *args, **kwargs)
  File "C:\Users\fungz\ulifestyle_folder\lib\site-packages\jinja2\environment.py", line 1008, in render
    return self.environment.handle_exception(exc_info, True)
  File "C:\Users\fungz\ulifestyle_folder\lib\site-packages\jinja2\environment.py", line 780, in handle_exception
    reraise(exc_type, exc_value, tb)
  File "C:\Users\fungz\ulifestyle_folder\lib\site-packages\jinja2\_compat.py", line 37, in reraise
    raise value.with_traceback(tb)
  File "C:\Users\fungz\PycharmProjects\Ulifestyle\ulifestyle_folder\app\templates\home_page\index.html", line 1, in top-level template code
    {% extends "base/base1.html" %}
  File "C:\Users\fungz\PycharmProjects\Ulifestyle\ulifestyle_folder\app\templates\base\base1.html", line 11, in top-level template code
    {% block navbar %}
  File "C:\Users\fungz\PycharmProjects\Ulifestyle\ulifestyle_folder\app\templates\base\base1.html", line 155, in block "navbar"
    {% block content %}{% endblock %}
  File "C:\Users\fungz\PycharmProjects\Ulifestyle\ulifestyle_folder\app\templates\home_page\index.html", line 26, in block "content"
    {% include "home_page/index_video.html" %}
  File "C:\Users\fungz\PycharmProjects\Ulifestyle\ulifestyle_folder\app\templates\home_page\index_video.html", line 3, in top-level template code
    <a class="thumb" href="{{videos.link1}}" title="{{ Post.title.data }}">
  File "C:\Users\fungz\ulifestyle_folder\lib\site-packages\jinja2\environment.py", line 430, in getattr
    return getattr(obj, attribute)
jinja2.exceptions.UndefinedError: 'Post' is undefined
2020-05-03 06:29:54,011 INFO: Microblog startup [in C:\Users\fungz\PycharmProjects\Ulifestyle\ulifestyle_folder\app\__init__.py:46]
2020-05-03 06:31:11,552 INFO: Microblog startup [in C:\Users\fungz\PycharmProjects\Ulifestyle\ulifestyle_folder\app\__init__.py:46]
2020-05-03 06:31:14,873 ERROR: Exception on /index [GET] [in C:\Users\fungz\ulifestyle_folder\lib\site-packages\flask\app.py:1761]
Traceback (most recent call last):
  File "C:\Users\fungz\ulifestyle_folder\lib\site-packages\flask\app.py", line 2292, in wsgi_app
    response = self.full_dispatch_request()
  File "C:\Users\fungz\ulifestyle_folder\lib\site-packages\flask\app.py", line 1815, in full_dispatch_request
    rv = self.handle_user_exception(e)
  File "C:\Users\fungz\ulifestyle_folder\lib\site-packages\flask\app.py", line 1718, in handle_user_exception
    reraise(exc_type, exc_value, tb)
  File "C:\Users\fungz\ulifestyle_folder\lib\site-packages\flask\_compat.py", line 35, in reraise
    raise value
  File "C:\Users\fungz\ulifestyle_folder\lib\site-packages\flask\app.py", line 1813, in full_dispatch_request
    rv = self.dispatch_request()
  File "C:\Users\fungz\ulifestyle_folder\lib\site-packages\flask\app.py", line 1799, in dispatch_request
    return self.view_functions[rule.endpoint](**req.view_args)
  File "C:\Users\fungz\PycharmProjects\Ulifestyle\ulifestyle_folder\app\routes.py", line 113, in index
    videos=videos)
  File "C:\Users\fungz\ulifestyle_folder\lib\site-packages\flask\templating.py", line 135, in render_template
    context, ctx.app)
  File "C:\Users\fungz\ulifestyle_folder\lib\site-packages\flask\templating.py", line 117, in _render
    rv = template.render(context)
  File "C:\Users\fungz\ulifestyle_folder\lib\site-packages\jinja2\asyncsupport.py", line 76, in render
    return original_render(self, *args, **kwargs)
  File "C:\Users\fungz\ulifestyle_folder\lib\site-packages\jinja2\environment.py", line 1008, in render
    return self.environment.handle_exception(exc_info, True)
  File "C:\Users\fungz\ulifestyle_folder\lib\site-packages\jinja2\environment.py", line 780, in handle_exception
    reraise(exc_type, exc_value, tb)
  File "C:\Users\fungz\ulifestyle_folder\lib\site-packages\jinja2\_compat.py", line 37, in reraise
    raise value.with_traceback(tb)
  File "C:\Users\fungz\PycharmProjects\Ulifestyle\ulifestyle_folder\app\templates\home_page\index.html", line 1, in top-level template code
    {% extends "base/base1.html" %}
  File "C:\Users\fungz\PycharmProjects\Ulifestyle\ulifestyle_folder\app\templates\base\base1.html", line 11, in top-level template code
    {% block navbar %}
  File "C:\Users\fungz\PycharmProjects\Ulifestyle\ulifestyle_folder\app\templates\base\base1.html", line 155, in block "navbar"
    {% block content %}{% endblock %}
  File "C:\Users\fungz\PycharmProjects\Ulifestyle\ulifestyle_folder\app\templates\home_page\index.html", line 26, in block "content"
    {% include "home_page/index_video.html" %}
  File "C:\Users\fungz\PycharmProjects\Ulifestyle\ulifestyle_folder\app\templates\home_page\index_video.html", line 9, in top-level template code
    <h style="color:#555555; height: 40px; overflow: hidden;">{{ Post.title.data }}</h>
  File "C:\Users\fungz\ulifestyle_folder\lib\site-packages\jinja2\environment.py", line 430, in getattr
    return getattr(obj, attribute)
jinja2.exceptions.UndefinedError: 'Post' is undefined
2020-05-03 06:31:51,853 ERROR: Exception on /index [GET] [in C:\Users\fungz\ulifestyle_folder\lib\site-packages\flask\app.py:1761]
Traceback (most recent call last):
  File "C:\Users\fungz\ulifestyle_folder\lib\site-packages\flask\app.py", line 2292, in wsgi_app
    response = self.full_dispatch_request()
  File "C:\Users\fungz\ulifestyle_folder\lib\site-packages\flask\app.py", line 1815, in full_dispatch_request
    rv = self.handle_user_exception(e)
  File "C:\Users\fungz\ulifestyle_folder\lib\site-packages\flask\app.py", line 1718, in handle_user_exception
    reraise(exc_type, exc_value, tb)
  File "C:\Users\fungz\ulifestyle_folder\lib\site-packages\flask\_compat.py", line 35, in reraise
    raise value
  File "C:\Users\fungz\ulifestyle_folder\lib\site-packages\flask\app.py", line 1813, in full_dispatch_request
    rv = self.dispatch_request()
  File "C:\Users\fungz\ulifestyle_folder\lib\site-packages\flask\app.py", line 1799, in dispatch_request
    return self.view_functions[rule.endpoint](**req.view_args)
  File "C:\Users\fungz\PycharmProjects\Ulifestyle\ulifestyle_folder\app\routes.py", line 113, in index
    videos=videos)
  File "C:\Users\fungz\ulifestyle_folder\lib\site-packages\flask\templating.py", line 135, in render_template
    context, ctx.app)
  File "C:\Users\fungz\ulifestyle_folder\lib\site-packages\flask\templating.py", line 117, in _render
    rv = template.render(context)
  File "C:\Users\fungz\ulifestyle_folder\lib\site-packages\jinja2\asyncsupport.py", line 76, in render
    return original_render(self, *args, **kwargs)
  File "C:\Users\fungz\ulifestyle_folder\lib\site-packages\jinja2\environment.py", line 1008, in render
    return self.environment.handle_exception(exc_info, True)
  File "C:\Users\fungz\ulifestyle_folder\lib\site-packages\jinja2\environment.py", line 780, in handle_exception
    reraise(exc_type, exc_value, tb)
  File "C:\Users\fungz\ulifestyle_folder\lib\site-packages\jinja2\_compat.py", line 37, in reraise
    raise value.with_traceback(tb)
  File "C:\Users\fungz\PycharmProjects\Ulifestyle\ulifestyle_folder\app\templates\home_page\index.html", line 1, in top-level template code
    {% extends "base/base1.html" %}
  File "C:\Users\fungz\PycharmProjects\Ulifestyle\ulifestyle_folder\app\templates\base\base1.html", line 11, in top-level template code
    {% block navbar %}
  File "C:\Users\fungz\PycharmProjects\Ulifestyle\ulifestyle_folder\app\templates\base\base1.html", line 155, in block "navbar"
    {% block content %}{% endblock %}
  File "C:\Users\fungz\PycharmProjects\Ulifestyle\ulifestyle_folder\app\templates\home_page\index.html", line 26, in block "content"
    {% include "home_page/index_video.html" %}
  File "C:\Users\fungz\PycharmProjects\Ulifestyle\ulifestyle_folder\app\templates\home_page\index_video.html", line 9, in top-level template code
    <h style="color:#555555; height: 40px; overflow: hidden;">{{ Post.title.data }}</h>
  File "C:\Users\fungz\ulifestyle_folder\lib\site-packages\jinja2\environment.py", line 430, in getattr
    return getattr(obj, attribute)
jinja2.exceptions.UndefinedError: 'Post' is undefined
2020-05-03 06:40:20,016 INFO: Microblog startup [in C:\Users\fungz\PycharmProjects\Ulifestyle\ulifestyle_folder\app\__init__.py:46]
2020-05-03 06:45:46,189 INFO: Microblog startup [in C:\Users\fungz\PycharmProjects\Ulifestyle\ulifestyle_folder\app\__init__.py:46]
